<?xml version="1.0" encoding="UTF-8"?>
<testsuite xmlns:xsi="http://www.w3.org/2001/XMLSchema-instance" xsi:noNamespaceSchemaLocation="https://maven.apache.org/surefire/maven-surefire-plugin/xsd/surefire-test-report.xsd" version="3.0.2" name="edu.dosw.lab.testing.TestReto4" time="0.126" tests="5" errors="0" skipped="0" failures="0">
  <properties>
[...]
</properties>
  <testcase name="customerShouldDoMovemnt" classname="edu.dosw.lab.testing.TestReto4" time="0.052"/>
  <testcase name="shouldConsult" classname="edu.dosw.lab.testing.TestReto4" time="0.013"/>
  <testcase name="shouldCreateAnAccount" classname="edu.dosw.lab.testing.TestReto4" time="0.002"/>
  <testcase name="shouldValidateAccount" classname="edu.dosw.lab.testing.TestReto4" time="0.004"/>
  <testcase name="shouldDoDeposit" classname="edu.dosw.lab.testing.TestReto4" time="0.001"/>
</testsuite>